01-02 00:33:49 INFO crawling : https://www.pornhub.com/video
01-02 00:35:59 INFO crawling : https://www.pornhub.com/video
01-02 00:40:01 INFO crawling : https://www.pornhub.com/video
01-02 00:43:04 INFO crawling : https://www.pornhub.com/video
01-02 00:43:52 INFO crawling : https://www.pornhub.com/video
01-02 00:44:31 INFO crawling : https://www.pornhub.com/video
01-02 00:46:23 INFO crawling : https://www.pornhub.com/video
01-02 00:48:04 INFO crawling : https://www.pornhub.com/video
01-02 00:51:48 INFO crawling : https://www.pornhub.com/video
01-02 00:51:51 INFO https://ew.phncdn.com/videos/202012/01/375713611/201218_1803_180P_225K_375713611.webm?validfrom=1609516289&validto=1609523489&rate=150k&hash=9beR61VIQzIdFzuewFPW5FUoT34%3D 5fc63c9f69c9b
01-02 00:51:51 INFO https://ew.phncdn.com/videos/202012/01/375713611/201218_1803_180P_225K_375713611.webm?validfrom=1609516289&validto=1609523489&rate=150k&hash=9beR61VIQzIdFzuewFPW5FUoT34%3D 5fc63c9f69c9b webm
01-02 00:51:56 INFO download success :: webm/5fc63c9f69c9b.webm
01-02 00:51:56 INFO https://ew.phncdn.com/videos/202011/29/375141852/180P_225K_375141852.webm?validfrom=1609516289&validto=1609523489&rate=150k&hash=poe4UcfGr8KXR0JmMaHBuQQyl1A%3D 5fc4198b116a0
01-02 00:51:56 INFO https://ew.phncdn.com/videos/202011/29/375141852/180P_225K_375141852.webm?validfrom=1609516289&validto=1609523489&rate=150k&hash=poe4UcfGr8KXR0JmMaHBuQQyl1A%3D 5fc4198b116a0 webm
01-02 00:52:02 INFO download success :: webm/5fc4198b116a0.webm
01-02 00:52:02 INFO https://ew.phncdn.com/videos/202010/24/363566462/180P_225K_363566462.webm?validfrom=1609516289&validto=1609523489&rate=150k&hash=SvAshcq7cf1Z0Qg4Ot%2FG5Wb5HKA%3D 5f9409cbc4baa
01-02 00:52:02 INFO https://ew.phncdn.com/videos/202010/24/363566462/180P_225K_363566462.webm?validfrom=1609516289&validto=1609523489&rate=150k&hash=SvAshcq7cf1Z0Qg4Ot%2FG5Wb5HKA%3D 5f9409cbc4baa webm
01-02 00:52:08 INFO download success :: webm/5f9409cbc4baa.webm
01-02 00:52:08 INFO https://ew.phncdn.com/videos/202011/14/370225502/180P_225K_370225502.webm?validfrom=1609516289&validto=1609523489&rate=150k&hash=2NYvLglKyJLEnJxDCvfitqE2Tyg%3D 5fb04f993ebfd
01-02 00:52:08 INFO https://ew.phncdn.com/videos/202011/14/370225502/180P_225K_370225502.webm?validfrom=1609516289&validto=1609523489&rate=150k&hash=2NYvLglKyJLEnJxDCvfitqE2Tyg%3D 5fb04f993ebfd webm
01-02 00:52:12 INFO download success :: webm/5fb04f993ebfd.webm
01-02 00:52:12 INFO https://ew.phncdn.com/videos/202012/16/378447302/201220_1432_180P_225K_378447302.webm?validfrom=1609515765&validto=1609522965&rate=150k&hash=q%2B4LYAiU5AHve4Yd6gBJ%2BjMCwZo%3D 5fd975b352951
01-02 00:52:12 INFO https://ew.phncdn.com/videos/202012/16/378447302/201220_1432_180P_225K_378447302.webm?validfrom=1609515765&validto=1609522965&rate=150k&hash=q%2B4LYAiU5AHve4Yd6gBJ%2BjMCwZo%3D 5fd975b352951 webm
01-02 00:52:15 ERROR [SSL: DECRYPTION_FAILED_OR_BAD_RECORD_MAC] decryption failed or bad record mac (_ssl.c:2570)
01-02 00:52:15 INFO https://ew.phncdn.com/videos/202012/08/377994131/180P_225K_377994131.webm?validfrom=1609515990&validto=1609523190&rate=150k&hash=HHvvgAyBJlJsZA1YgfxGvh3pN4A%3D 5fcfff510b0d7
01-02 00:52:15 INFO https://ew.phncdn.com/videos/202012/08/377994131/180P_225K_377994131.webm?validfrom=1609515990&validto=1609523190&rate=150k&hash=HHvvgAyBJlJsZA1YgfxGvh3pN4A%3D 5fcfff510b0d7 webm
01-02 00:52:21 INFO download success :: webm/5fcfff510b0d7.webm
01-02 00:52:21 INFO https://ew.phncdn.com/videos/201912/04/266244852/180P_225K_266244852.webm?validfrom=1609515742&validto=1609522942&rate=150k&hash=aocprgoJN6tBf6O1ujrWXCoHbmQ%3D 5de7f5d04fb7e
01-02 00:52:21 INFO https://ew.phncdn.com/videos/201912/04/266244852/180P_225K_266244852.webm?validfrom=1609515742&validto=1609522942&rate=150k&hash=aocprgoJN6tBf6O1ujrWXCoHbmQ%3D 5de7f5d04fb7e webm
01-02 00:52:31 INFO download success :: webm/5de7f5d04fb7e.webm
01-02 00:52:31 INFO https://ew.phncdn.com/videos/202011/21/372312482/180P_225K_372312482.webm?validfrom=1609516309&validto=1609523509&rate=150k&hash=LjOOZtMLzrdDsftBKJwbGpfuuB4%3D 5fb91c65313c6
01-02 00:52:31 INFO https://ew.phncdn.com/videos/202011/21/372312482/180P_225K_372312482.webm?validfrom=1609516309&validto=1609523509&rate=150k&hash=LjOOZtMLzrdDsftBKJwbGpfuuB4%3D 5fb91c65313c6 webm
01-02 00:52:38 INFO download success :: webm/5fb91c65313c6.webm
01-02 00:52:38 INFO https://cw2.phncdn.com/videos/202012/11/378131462/201211_1301_180P_225K_378131462.webm?8Ty7yW5U2PADRSNnl9Wbv12M5E58Pt4fdiKQAWo6Be84WSqNeS8RRZkL1nNjaNTIbVBjWhX0ym_teX1GxyvrLe0p6ZMqLxw3TbkfP5tk5jSHNVqO-wpRH8gE4dHPk4S4R0O0-VYdHw6FOOHrHtpkT8SAn4NeyA4FyfAnxYEsZ8sSDHjO13IwKmZ3OU9N8XwXEF_K81p3YAsy11rs_KBwcbCd_e0 5fd2dd2fa299e
01-02 00:52:38 INFO https://cw2.phncdn.com/videos/202012/11/378131462/201211_1301_180P_225K_378131462.webm?8Ty7yW5U2PADRSNnl9Wbv12M5E58Pt4fdiKQAWo6Be84WSqNeS8RRZkL1nNjaNTIbVBjWhX0ym_teX1GxyvrLe0p6ZMqLxw3TbkfP5tk5jSHNVqO-wpRH8gE4dHPk4S4R0O0-VYdHw6FOOHrHtpkT8SAn4NeyA4FyfAnxYEsZ8sSDHjO13IwKmZ3OU9N8XwXEF_K81p3YAsy11rs_KBwcbCd_e0 5fd2dd2fa299e webm
01-02 00:52:58 INFO crawling : https://www.pornhub.com/video
01-02 00:53:06 INFO https://ew.phncdn.com/videos/202012/01/375713611/201218_1803_180P_225K_375713611.webm?validfrom=1609516289&validto=1609523489&rate=150k&hash=9beR61VIQzIdFzuewFPW5FUoT34%3D 5fc63c9f69c9b
01-02 00:53:06 INFO https://ew.phncdn.com/videos/202012/01/375713611/201218_1803_180P_225K_375713611.webm?validfrom=1609516289&validto=1609523489&rate=150k&hash=9beR61VIQzIdFzuewFPW5FUoT34%3D 5fc63c9f69c9b webm
01-02 00:53:06 INFO this file had been downloaded :: webm/5fc63c9f69c9b.webm
01-02 00:53:06 INFO https://ew.phncdn.com/videos/202011/29/375141852/180P_225K_375141852.webm?validfrom=1609516289&validto=1609523489&rate=150k&hash=poe4UcfGr8KXR0JmMaHBuQQyl1A%3D 5fc4198b116a0
01-02 00:53:06 INFO https://ew.phncdn.com/videos/202011/29/375141852/180P_225K_375141852.webm?validfrom=1609516289&validto=1609523489&rate=150k&hash=poe4UcfGr8KXR0JmMaHBuQQyl1A%3D 5fc4198b116a0 webm
01-02 00:53:06 INFO this file had been downloaded :: webm/5fc4198b116a0.webm
01-02 00:53:06 INFO https://ew.phncdn.com/videos/202010/24/363566462/180P_225K_363566462.webm?validfrom=1609516289&validto=1609523489&rate=150k&hash=SvAshcq7cf1Z0Qg4Ot%2FG5Wb5HKA%3D 5f9409cbc4baa
01-02 00:53:06 INFO https://ew.phncdn.com/videos/202010/24/363566462/180P_225K_363566462.webm?validfrom=1609516289&validto=1609523489&rate=150k&hash=SvAshcq7cf1Z0Qg4Ot%2FG5Wb5HKA%3D 5f9409cbc4baa webm
01-02 00:53:06 INFO this file had been downloaded :: webm/5f9409cbc4baa.webm
01-02 00:53:06 INFO https://ew.phncdn.com/videos/202011/14/370225502/180P_225K_370225502.webm?validfrom=1609516289&validto=1609523489&rate=150k&hash=2NYvLglKyJLEnJxDCvfitqE2Tyg%3D 5fb04f993ebfd
01-02 00:53:06 INFO https://ew.phncdn.com/videos/202011/14/370225502/180P_225K_370225502.webm?validfrom=1609516289&validto=1609523489&rate=150k&hash=2NYvLglKyJLEnJxDCvfitqE2Tyg%3D 5fb04f993ebfd webm
01-02 00:53:06 INFO this file had been downloaded :: webm/5fb04f993ebfd.webm
01-02 00:53:06 INFO https://cw2.phncdn.com/videos/202012/16/378447302/201220_1432_180P_225K_378447302.webm?7unyhN9RXHBwhd_w727EVh33jhvCswqcFMPLS92J3B7OAZDbRcNnka_QJhh9EkxHUw1zQ3I3Ulxxok9JyjuOtHrttwMgvYWKHV7RywCQLWB3dVjeBZj8-HL3bCkw5BotoVV2Tsb_Q9a6DFOfKi5qnNHIcVaQLp6hE8PhudbqqdMbw_XZc55ObSDPI4n_mtZ12iWeXvlxrljBldEyIDwcTqTxcOw 5fd975b352951
01-02 00:53:06 INFO https://cw2.phncdn.com/videos/202012/16/378447302/201220_1432_180P_225K_378447302.webm?7unyhN9RXHBwhd_w727EVh33jhvCswqcFMPLS92J3B7OAZDbRcNnka_QJhh9EkxHUw1zQ3I3Ulxxok9JyjuOtHrttwMgvYWKHV7RywCQLWB3dVjeBZj8-HL3bCkw5BotoVV2Tsb_Q9a6DFOfKi5qnNHIcVaQLp6hE8PhudbqqdMbw_XZc55ObSDPI4n_mtZ12iWeXvlxrljBldEyIDwcTqTxcOw 5fd975b352951 webm
01-02 00:53:06 INFO this file had been downloaded :: webm/5fd975b352951.webm
01-02 00:53:06 INFO https://ew.phncdn.com/videos/202012/08/377994131/180P_225K_377994131.webm?validfrom=1609515990&validto=1609523190&rate=150k&hash=HHvvgAyBJlJsZA1YgfxGvh3pN4A%3D 5fcfff510b0d7
01-02 00:53:06 INFO https://ew.phncdn.com/videos/202012/08/377994131/180P_225K_377994131.webm?validfrom=1609515990&validto=1609523190&rate=150k&hash=HHvvgAyBJlJsZA1YgfxGvh3pN4A%3D 5fcfff510b0d7 webm
01-02 00:53:06 INFO this file had been downloaded :: webm/5fcfff510b0d7.webm
01-02 00:53:06 INFO https://cw2.phncdn.com/videos/201912/04/266244852/180P_225K_266244852.webm?jbegyiUeGn6pFjKxT3UNPwfdly8oP1z6jC0gyggRSJubwojCD8FK36PmGGk6DaIj7PS7DLbs4fd3IB80fjeRYc_wWV8W1_a6Nps-55tHpTQws1UoSXlKuXGpE0oa_NDPNaPxLxOUVzNMz0zDe4i3b1XZWyLfoUJx_j4Yr_a9ik_l4Y1EROL4JYIMQiBpuY7aaFNKoIWu8aY 5de7f5d04fb7e
01-02 00:53:06 INFO https://cw2.phncdn.com/videos/201912/04/266244852/180P_225K_266244852.webm?jbegyiUeGn6pFjKxT3UNPwfdly8oP1z6jC0gyggRSJubwojCD8FK36PmGGk6DaIj7PS7DLbs4fd3IB80fjeRYc_wWV8W1_a6Nps-55tHpTQws1UoSXlKuXGpE0oa_NDPNaPxLxOUVzNMz0zDe4i3b1XZWyLfoUJx_j4Yr_a9ik_l4Y1EROL4JYIMQiBpuY7aaFNKoIWu8aY 5de7f5d04fb7e webm
01-02 00:53:06 INFO this file had been downloaded :: webm/5de7f5d04fb7e.webm
01-02 00:53:06 INFO https://cw2.phncdn.com/videos/202011/21/372312482/180P_225K_372312482.webm?40rh1K2baI4Xh0hoXZt-7u1JKS6axhkW1k-juwT4HCnSzxizLnlQfs9b2nyLqoxdfvrdDFLv25KK59WJYh9KFE-qWIIiYE6COCphnMGkgVyTRYrSefVo9i2eoebVAfkrFD1DdKaTUwQc_KKWsQGcli9FxyLsyd7rdmm0d-h1MXDcCXe4G8I0IpAuCFkME81D_6TunFQMAj4 5fb91c65313c6
01-02 00:53:06 INFO https://cw2.phncdn.com/videos/202011/21/372312482/180P_225K_372312482.webm?40rh1K2baI4Xh0hoXZt-7u1JKS6axhkW1k-juwT4HCnSzxizLnlQfs9b2nyLqoxdfvrdDFLv25KK59WJYh9KFE-qWIIiYE6COCphnMGkgVyTRYrSefVo9i2eoebVAfkrFD1DdKaTUwQc_KKWsQGcli9FxyLsyd7rdmm0d-h1MXDcCXe4G8I0IpAuCFkME81D_6TunFQMAj4 5fb91c65313c6 webm
01-02 00:53:06 INFO this file had been downloaded :: webm/5fb91c65313c6.webm
01-02 00:53:06 INFO https://cw2.phncdn.com/videos/202012/11/378131462/201211_1301_180P_225K_378131462.webm?8Ty7yW5U2PADRSNnl9Wbv12M5E58Pt4fdiKQAWo6Be84WSqNeS8RRZkL1nNjaNTIbVBjWhX0ym_teX1GxyvrLe0p6ZMqLxw3TbkfP5tk5jSHNVqO-wpRH8gE4dHPk4S4R0O0-VYdHw6FOOHrHtpkT8SAn4NeyA4FyfAnxYEsZ8sSDHjO13IwKmZ3OU9N8XwXEF_K81p3YAsy11rs_KBwcbCd_e0 5fd2dd2fa299e
01-02 00:53:06 INFO https://cw2.phncdn.com/videos/202012/11/378131462/201211_1301_180P_225K_378131462.webm?8Ty7yW5U2PADRSNnl9Wbv12M5E58Pt4fdiKQAWo6Be84WSqNeS8RRZkL1nNjaNTIbVBjWhX0ym_teX1GxyvrLe0p6ZMqLxw3TbkfP5tk5jSHNVqO-wpRH8gE4dHPk4S4R0O0-VYdHw6FOOHrHtpkT8SAn4NeyA4FyfAnxYEsZ8sSDHjO13IwKmZ3OU9N8XwXEF_K81p3YAsy11rs_KBwcbCd_e0 5fd2dd2fa299e webm
01-02 00:53:17 INFO ['56cb2faf4873d\n']
01-02 00:53:17 INFO url: https://www.pornhub.com/view_video.php?viewkey=ph56cb2faf4873d
01-02 00:53:21 INFO Video Disabled
01-02 00:53:21 INFO url: https://www.pornhub.com/view_video.php?viewkey=ph5de7f5d04fb7
